{"/Users/chrisdavis/code/modelcontextprotocol/servers/src/sequentialthinking/index.js": {"path":"/Users/chrisdavis/code/modelcontextprotocol/servers/src/sequentialthinking/index.js","statementMap":{"0":{"start":{"line":1,"column":22},"end":{"line":1,"column":58}},"1":{"start":{"line":4,"column":33},"end":{"line":67,"column":1}},"2":{"start":{"line":70,"column":15},"end":{"line":72,"column":2}},"3":{"start":{"line":75,"column":0},"end":{"line":124,"column":3}},"4":{"start":{"line":76,"column":2},"end":{"line":123,"column":3}},"5":{"start":{"line":87,"column":8},"end":{"line":87,"column":14}},"6":{"start":{"line":90,"column":4},"end":{"line":90,"column":73}},"7":{"start":{"line":92,"column":4},"end":{"line":94,"column":5}},"8":{"start":{"line":93,"column":6},"end":{"line":93,"column":57}},"9":{"start":{"line":96,"column":4},"end":{"line":98,"column":5}},"10":{"start":{"line":97,"column":6},"end":{"line":97,"column":107}},"11":{"start":{"line":103,"column":19},"end":{"line":103,"column":21}},"12":{"start":{"line":104,"column":4},"end":{"line":108,"column":5}},"13":{"start":{"line":105,"column":6},"end":{"line":105,"column":67}},"14":{"start":{"line":107,"column":6},"end":{"line":107,"column":72}},"15":{"start":{"line":110,"column":4},"end":{"line":112,"column":5}},"16":{"start":{"line":111,"column":6},"end":{"line":111,"column":87}},"17":{"start":{"line":115,"column":4},"end":{"line":119,"column":6}},"18":{"start":{"line":121,"column":4},"end":{"line":121,"column":66}},"19":{"start":{"line":122,"column":4},"end":{"line":122,"column":16}},"20":{"start":{"line":127,"column":0},"end":{"line":137,"column":2}},"21":{"start":{"line":129,"column":4},"end":{"line":135,"column":5}},"22":{"start":{"line":130,"column":6},"end":{"line":130,"column":22}},"23":{"start":{"line":131,"column":6},"end":{"line":131,"column":73}},"24":{"start":{"line":133,"column":6},"end":{"line":133,"column":78}},"25":{"start":{"line":134,"column":6},"end":{"line":134,"column":18}}},"fnMap":{"0":{"name":"(anonymous_0)","decl":{"start":{"line":75,"column":40},"end":{"line":75,"column":41}},"loc":{"start":{"line":75,"column":58},"end":{"line":124,"column":1}},"line":75},"1":{"name":"(anonymous_1)","decl":{"start":{"line":128,"column":9},"end":{"line":128,"column":10}},"loc":{"start":{"line":128,"column":15},"end":{"line":136,"column":3}},"line":128}},"branchMap":{"0":{"loc":{"start":{"line":92,"column":4},"end":{"line":94,"column":5}},"type":"if","locations":[{"start":{"line":92,"column":4},"end":{"line":94,"column":5}},{"start":{},"end":{}}],"line":92},"1":{"loc":{"start":{"line":96,"column":4},"end":{"line":98,"column":5}},"type":"if","locations":[{"start":{"line":96,"column":4},"end":{"line":98,"column":5}},{"start":{},"end":{}}],"line":96},"2":{"loc":{"start":{"line":97,"column":82},"end":{"line":97,"column":103}},"type":"binary-expr","locations":[{"start":{"line":97,"column":82},"end":{"line":97,"column":90}},{"start":{"line":97,"column":94},"end":{"line":97,"column":103}}],"line":97},"3":{"loc":{"start":{"line":104,"column":4},"end":{"line":108,"column":5}},"type":"if","locations":[{"start":{"line":104,"column":4},"end":{"line":108,"column":5}},{"start":{"line":106,"column":11},"end":{"line":108,"column":5}}],"line":104},"4":{"loc":{"start":{"line":110,"column":4},"end":{"line":112,"column":5}},"type":"if","locations":[{"start":{"line":110,"column":4},"end":{"line":112,"column":5}},{"start":{},"end":{}}],"line":110}},"s":{"0":2,"1":2,"2":2,"3":2,"4":0,"5":0,"6":0,"7":0,"8":0,"9":0,"10":0,"11":0,"12":0,"13":0,"14":0,"15":0,"16":0,"17":0,"18":0,"19":0,"20":2,"21":1,"22":1,"23":1,"24":0,"25":0},"f":{"0":0,"1":1},"b":{"0":[0,0],"1":[0,0],"2":[0,0],"3":[0,0],"4":[0,0]},"_coverageSchema":"1a1c01bbd47fc00a2c39e90264f33305004495a9","hash":"72825ffe87de3d8221ce9bdc1e74b42b033f061f"}
,"/Users/chrisdavis/code/modelcontextprotocol/servers/src/sequentialthinking/bin/cli.js": {"path":"/Users/chrisdavis/code/modelcontextprotocol/servers/src/sequentialthinking/bin/cli.js","statementMap":{"0":{"start":{"line":8,"column":13},"end":{"line":8,"column":34}},"1":{"start":{"line":9,"column":21},"end":{"line":9,"column":48}},"2":{"start":{"line":10,"column":14},"end":{"line":10,"column":38}},"3":{"start":{"line":13,"column":0},"end":{"line":22,"column":3}},"4":{"start":{"line":14,"column":2},"end":{"line":14,"column":43}},"5":{"start":{"line":15,"column":2},"end":{"line":20,"column":3}},"6":{"start":{"line":16,"column":4},"end":{"line":16,"column":25}},"7":{"start":{"line":18,"column":4},"end":{"line":18,"column":45}},"8":{"start":{"line":19,"column":4},"end":{"line":19,"column":55}},"9":{"start":{"line":21,"column":2},"end":{"line":21,"column":18}},"10":{"start":{"line":24,"column":0},"end":{"line":34,"column":3}},"11":{"start":{"line":25,"column":2},"end":{"line":25,"column":52}},"12":{"start":{"line":26,"column":2},"end":{"line":32,"column":3}},"13":{"start":{"line":27,"column":4},"end":{"line":27,"column":39}},"14":{"start":{"line":28,"column":4},"end":{"line":28,"column":37}},"15":{"start":{"line":30,"column":4},"end":{"line":30,"column":38}},"16":{"start":{"line":31,"column":4},"end":{"line":31,"column":55}},"17":{"start":{"line":33,"column":2},"end":{"line":33,"column":18}},"18":{"start":{"line":37,"column":0},"end":{"line":51,"column":1}},"19":{"start":{"line":38,"column":2},"end":{"line":38,"column":25}},"20":{"start":{"line":40,"column":2},"end":{"line":43,"column":3}},"21":{"start":{"line":41,"column":4},"end":{"line":41,"column":74}},"22":{"start":{"line":42,"column":4},"end":{"line":42,"column":20}},"23":{"start":{"line":45,"column":2},"end":{"line":45,"column":60}},"24":{"start":{"line":46,"column":2},"end":{"line":46,"column":31}},"25":{"start":{"line":47,"column":2},"end":{"line":49,"column":3}},"26":{"start":{"line":48,"column":4},"end":{"line":48,"column":31}},"27":{"start":{"line":50,"column":2},"end":{"line":50,"column":18}},"28":{"start":{"line":54,"column":0},"end":{"line":54,"column":58}},"29":{"start":{"line":56,"column":0},"end":{"line":70,"column":1}},"30":{"start":{"line":57,"column":35},"end":{"line":57,"column":54}},"31":{"start":{"line":58,"column":2},"end":{"line":58,"column":35}},"32":{"start":{"line":60,"column":2},"end":{"line":60,"column":50}},"33":{"start":{"line":61,"column":2},"end":{"line":61,"column":63}},"34":{"start":{"line":62,"column":2},"end":{"line":62,"column":49}},"35":{"start":{"line":64,"column":2},"end":{"line":64,"column":47}},"36":{"start":{"line":65,"column":2},"end":{"line":65,"column":31}},"37":{"start":{"line":66,"column":2},"end":{"line":68,"column":3}},"38":{"start":{"line":67,"column":4},"end":{"line":67,"column":31}},"39":{"start":{"line":69,"column":2},"end":{"line":69,"column":18}}},"fnMap":{"0":{"name":"(anonymous_0)","decl":{"start":{"line":13,"column":32},"end":{"line":13,"column":33}},"loc":{"start":{"line":13,"column":43},"end":{"line":22,"column":1}},"line":13},"1":{"name":"(anonymous_1)","decl":{"start":{"line":24,"column":33},"end":{"line":24,"column":34}},"loc":{"start":{"line":24,"column":54},"end":{"line":34,"column":1}},"line":24}},"branchMap":{"0":{"loc":{"start":{"line":15,"column":2},"end":{"line":20,"column":3}},"type":"if","locations":[{"start":{"line":15,"column":2},"end":{"line":20,"column":3}},{"start":{"line":17,"column":9},"end":{"line":20,"column":3}}],"line":15},"1":{"loc":{"start":{"line":26,"column":2},"end":{"line":32,"column":3}},"type":"if","locations":[{"start":{"line":26,"column":2},"end":{"line":32,"column":3}},{"start":{"line":29,"column":9},"end":{"line":32,"column":3}}],"line":26},"2":{"loc":{"start":{"line":40,"column":2},"end":{"line":43,"column":3}},"type":"if","locations":[{"start":{"line":40,"column":2},"end":{"line":43,"column":3}},{"start":{},"end":{}}],"line":40},"3":{"loc":{"start":{"line":47,"column":2},"end":{"line":49,"column":3}},"type":"if","locations":[{"start":{"line":47,"column":2},"end":{"line":49,"column":3}},{"start":{},"end":{}}],"line":47},"4":{"loc":{"start":{"line":66,"column":2},"end":{"line":68,"column":3}},"type":"if","locations":[{"start":{"line":66,"column":2},"end":{"line":68,"column":3}},{"start":{},"end":{}}],"line":66}},"s":{"0":1,"1":1,"2":1,"3":1,"4":0,"5":0,"6":0,"7":0,"8":0,"9":0,"10":1,"11":0,"12":0,"13":0,"14":0,"15":0,"16":0,"17":0,"18":1,"19":1,"20":1,"21":0,"22":0,"23":0,"24":0,"25":0,"26":0,"27":0,"28":1,"29":1,"30":1,"31":1,"32":1,"33":1,"34":1,"35":0,"36":0,"37":0,"38":0,"39":0},"f":{"0":0,"1":0},"b":{"0":[0,0],"1":[0,0],"2":[0,1],"3":[0,0],"4":[0,0]},"_coverageSchema":"1a1c01bbd47fc00a2c39e90264f33305004495a9","hash":"2b7690f7323431ed469a9a6de3124162d08aef27"}
}
